0 silly argv {
0 silly argv   _: [ 'version' ],
0 silly argv   lernaVersion: '5.6.2',
0 silly argv   '$0': '/home/phuoc/Icetea/bundler-root/node_modules/.bin/lerna'
0 silly argv }
1 notice cli v5.6.2
2 verbose rootPath /home/phuoc/Icetea/bundler-root
3 info current version 0.6.0
4 silly isAnythingCommitted
5 verbose isAnythingCommitted 1
6 silly getCurrentBranch
7 verbose currentBranch main
8 silly remoteBranchExists
9 silly isBehindUpstream
10 silly isBehindUpstream main is behind origin/main by 0 commit(s) and ahead by 2
11 silly hasTags
12 verbose hasTags false
13 info Assuming all packages changed
14 verbose updated account-abstraction-phuoc-test/bundler
15 verbose updated account-abstraction-phuoc-test/sdk
16 verbose updated account-abstraction-phuoc-test/utils
17 verbose updated account-abstraction-phuoc-test/validation-manager
18 verbose git-describe undefined => "ca65dd7"
19 silly git-describe parsed => {"refCount":"138","sha":"ca65dd7","isDirty":false}
20 info execute Skipping releases
21 silly lifecycle No script for "preversion" in "aa-bundler-1", continuing
22 silly lifecycle No script for "preversion" in "account-abstraction-phuoc-test/utils", continuing
23 verbose version account-abstraction-phuoc-test/utils has no lockfile. Skipping lockfile update.
24 silly lifecycle No script for "version" in "account-abstraction-phuoc-test/utils", continuing
25 silly lifecycle No script for "preversion" in "account-abstraction-phuoc-test/sdk", continuing
26 verbose version account-abstraction-phuoc-test/sdk has no lockfile. Skipping lockfile update.
27 silly lifecycle No script for "version" in "account-abstraction-phuoc-test/sdk", continuing
28 silly lifecycle No script for "preversion" in "account-abstraction-phuoc-test/validation-manager", continuing
29 verbose version account-abstraction-phuoc-test/validation-manager has no lockfile. Skipping lockfile update.
30 silly lifecycle No script for "version" in "account-abstraction-phuoc-test/validation-manager", continuing
31 silly lifecycle No script for "preversion" in "account-abstraction-phuoc-test/bundler", continuing
32 verbose version account-abstraction-phuoc-test/bundler has no lockfile. Skipping lockfile update.
33 silly lifecycle No script for "version" in "account-abstraction-phuoc-test/bundler", continuing
34 silly lifecycle No script for "version" in "aa-bundler-1", continuing
35 silly version Successfully applied prettier to updated file: packages/utils/package.json
36 silly version Successfully applied prettier to updated file: packages/sdk/package.json
37 silly version Successfully applied prettier to updated file: packages/validation-manager/package.json
38 silly version Successfully applied prettier to updated file: packages/bundler/package.json
39 silly version Successfully applied prettier to updated file: lerna.json
40 silly gitAdd [
40 silly gitAdd   'packages/utils/package.json',
40 silly gitAdd   'packages/sdk/package.json',
40 silly gitAdd   'packages/validation-manager/package.json',
40 silly gitAdd   'packages/bundler/package.json',
40 silly gitAdd   'lerna.json'
40 silly gitAdd ]
41 silly gitCommit v0.6.1
42 verbose git [ 'commit', '-m', 'v0.6.1' ]
43 silly gitTag v0.6.1
44 verbose git [ 'tag', 'v0.6.1', '-m', 'v0.6.1' ]
45 silly lifecycle No script for "postversion" in "account-abstraction-phuoc-test/bundler", continuing
46 silly lifecycle No script for "postversion" in "account-abstraction-phuoc-test/sdk", continuing
47 silly lifecycle No script for "postversion" in "account-abstraction-phuoc-test/utils", continuing
48 silly lifecycle No script for "postversion" in "account-abstraction-phuoc-test/validation-manager", continuing
49 silly lifecycle No script for "postversion" in "aa-bundler-1", continuing
50 info git Pushing tags...
51 silly gitPush origin main
52 error Error: Command failed with exit code 128: git push --follow-tags --no-verify --atomic origin main
52 error remote: Support for password authentication was removed on August 13, 2021.
52 error remote: Please see https://docs.github.com/get-started/getting-started-with-git/about-remote-repositories#cloning-with-https-urls for information on currently recommended modes of authentication.
52 error fatal: Authentication failed for 'https://github.com/icetea-labs/bundler.git/'
52 error     at makeError (/home/phuoc/Icetea/bundler-root/node_modules/execa/lib/error.js:60:11)
52 error     at handlePromise (/home/phuoc/Icetea/bundler-root/node_modules/execa/index.js:118:26)
